<?xml version="1.0" encoding="UTF-8"?>
<!-- Generated by org.testng.reporters.JUnitReportReporter -->
<testsuite hostname="Alan-Turing" failures="0" tests="3" name="Test.Day3" time="0.004" errors="0" timestamp="2022-11-23T11:23:33 IST" skipped="0">
  <testcase classname="Test.Day3" name="LoginAPIcarloan" time="0.001"/>
  <system-out/>
  <testcase classname="Test.Day3" name="MobileLogincarloan" time="0.002"/>
  <system-out/>
  <testcase classname="Test.Day3" name="WebloginCarLoan" time="0.001"/>
  <system-out/>
</testsuite> <!-- Test.Day3 -->
