<?xml version="1.0" encoding="UTF-8"?>
<!-- Generated by org.testng.reporters.JUnitReportReporter -->
<testsuite hostname="Alan-Turing" failures="0" tests="3" name="Test.Day4" time="0.002" errors="0" timestamp="2022-11-23T11:23:33 IST" skipped="0">
  <testcase classname="Test.Day4" name="MobileLoginhomeloan" time="0.000"/>
  <system-out/>
  <testcase classname="Test.Day4" name="WebloginhomeLoan" time="0.001"/>
  <system-out/>
  <testcase classname="Test.Day4" name="LoginAPIhomeloan" time="0.001"/>
  <system-out/>
</testsuite> <!-- Test.Day4 -->
