<?xml version="1.0" encoding="UTF-8"?>
<!-- Generated by org.testng.reporters.JUnitReportReporter -->
<testsuite hostname="Alan-Turing" failures="0" tests="1" name="Test.Day2" time="0.001" errors="0" timestamp="2022-11-23T11:23:33 IST" skipped="0">
  <testcase classname="Test.Day2" name="loan" time="0.001"/>
  <system-out/>
</testsuite> <!-- Test.Day2 -->
