<?xml version="1.0" encoding="UTF-8"?>
<!-- Generated by org.testng.reporters.JUnitReportReporter -->
<testsuite hostname="Alan-Turing" failures="0" tests="2" name="Test.Day1" time="0.011" errors="0" timestamp="2022-11-23T11:23:33 IST" skipped="0">
  <testcase classname="Test.Day1" name="Demo2" time="0.001"/>
  <system-out/>
  <testcase classname="Test.Day1" name="Demo" time="0.010"/>
  <system-out/>
</testsuite> <!-- Test.Day1 -->
